[05-10-2017 03:31:31] [INFO] [] [] [] [process started] 
[05-10-2017 03:31:31] [INFO] [] [] [] [inside getData function try block] 
[05-10-2017 03:31:31] [INFO] [] [] [] [inside getData function try block data fetched successfully] 
[05-10-2017 03:31:31] [INFO] [] [] [] [inside updateCategory function try block] 
[05-10-2017 03:31:31] [INFO] [200] [1] [845e0578d1c29e44996b4da9e92f81d21ab3a417] [inside updateCategory function try block data inserted successfully] 
[05-10-2017 03:31:31] [INFO] [] [] [] [inside updateCategory function try block] 
[05-10-2017 03:31:31] [INFO] [200] [1] [d133ddb165aedb73654084cc333edfad4f87a173] [inside updateCategory function try block data inserted successfully] 
[05-10-2017 03:31:31] [INFO] [] [] [] [inside updateCategory function try block] 
[05-10-2017 03:31:31] [INFO] [200] [2] [68af2a8ca3842ed552fb815575f71e890e38d073] [inside updateCategory function try block data inserted successfully] 
[05-10-2017 03:31:31] [INFO] [] [] [] [inside updateCategory function try block] 
[05-10-2017 03:31:31] [INFO] [200] [2] [782c58328a24a9473b5ee7e8b2eb72719b679c92] [inside updateCategory function try block data inserted successfully] 
[05-10-2017 03:31:31] [INFO] [] [] [] [inside updateCategory function try block] 
[05-10-2017 03:31:31] [INFO] [200] [2] [68af2a8ca3842ed552fb815575f71e890e38d073] [inside updateCategory function try block data inserted successfully] 
[05-10-2017 03:31:31] [INFO] [] [] [] [inside updateCategory function try block] 
[05-10-2017 03:31:31] [INFO] [200] [2] [782c58328a24a9473b5ee7e8b2eb72719b679c92] [inside updateCategory function try block data inserted successfully] 
[05-10-2017 03:31:31] [INFO] [] [] [] [inside updateCategory function try block] 
[05-10-2017 03:31:31] [INFO] [200] [1] [845e0578d1c29e44996b4da9e92f81d21ab3a417] [inside updateCategory function try block data inserted successfully] 
[05-10-2017 03:31:31] [INFO] [] [] [] [inside updateCategory function try block] 
[05-10-2017 03:31:31] [INFO] [200] [1] [d133ddb165aedb73654084cc333edfad4f87a173] [inside updateCategory function try block data inserted successfully] 
[05-10-2017 03:31:31] [INFO] [] [] [] [inside updateCategory function try block] 
[05-10-2017 03:31:31] [INFO] [200] [2] [68af2a8ca3842ed552fb815575f71e890e38d073] [inside updateCategory function try block data inserted successfully] 
[05-10-2017 03:31:31] [INFO] [] [] [] [inside updateCategory function try block] 
[05-10-2017 03:31:31] [INFO] [200] [2] [782c58328a24a9473b5ee7e8b2eb72719b679c92] [inside updateCategory function try block data inserted successfully] 
[05-10-2017 03:31:31] [INFO] [] [] [] [inside updateCategory function try block] 
[05-10-2017 03:31:31] [INFO] [200] [2] [68af2a8ca3842ed552fb815575f71e890e38d073] [inside updateCategory function try block data inserted successfully] 
[05-10-2017 03:31:31] [INFO] [] [] [] [inside updateCategory function try block] 
[05-10-2017 03:31:31] [INFO] [200] [2] [782c58328a24a9473b5ee7e8b2eb72719b679c92] [inside updateCategory function try block data inserted successfully] 
[05-10-2017 03:31:31] [INFO] [] [] [] [inside updateCategory function try block] 
[05-10-2017 03:31:31] [INFO] [200] [1] [845e0578d1c29e44996b4da9e92f81d21ab3a417] [inside updateCategory function try block data inserted successfully] 
[05-10-2017 03:31:31] [INFO] [] [] [] [inside updateCategory function try block] 
[05-10-2017 03:31:31] [INFO] [200] [1] [d133ddb165aedb73654084cc333edfad4f87a173] [inside updateCategory function try block data inserted successfully] 
[05-10-2017 03:31:31] [INFO] [] [] [] [inside updateCategory function try block] 
[05-10-2017 03:31:31] [INFO] [200] [2] [68af2a8ca3842ed552fb815575f71e890e38d073] [inside updateCategory function try block data inserted successfully] 
[05-10-2017 03:31:31] [INFO] [] [] [] [inside updateCategory function try block] 
[05-10-2017 03:31:31] [INFO] [200] [2] [782c58328a24a9473b5ee7e8b2eb72719b679c92] [inside updateCategory function try block data inserted successfully] 
[05-10-2017 03:31:31] [INFO] [] [] [] [inside updateCategory function try block] 
[05-10-2017 03:31:31] [INFO] [200] [2] [68af2a8ca3842ed552fb815575f71e890e38d073] [inside updateCategory function try block data inserted successfully] 
[05-10-2017 03:31:31] [INFO] [] [] [] [inside updateCategory function try block] 
[05-10-2017 03:31:31] [INFO] [200] [2] [782c58328a24a9473b5ee7e8b2eb72719b679c92] [inside updateCategory function try block data inserted successfully] 
[05-10-2017 03:31:31] [INFO] [] [] [] [inside updateCategory function try block] 
[05-10-2017 03:31:31] [INFO] [200] [1] [845e0578d1c29e44996b4da9e92f81d21ab3a417] [inside updateCategory function try block data inserted successfully] 
[05-10-2017 03:31:31] [INFO] [] [] [] [inside updateCategory function try block] 
[05-10-2017 03:31:31] [INFO] [200] [1] [d133ddb165aedb73654084cc333edfad4f87a173] [inside updateCategory function try block data inserted successfully] 
[05-10-2017 03:31:31] [INFO] [] [] [] [inside updateCategory function try block] 
[05-10-2017 03:31:31] [INFO] [200] [2] [68af2a8ca3842ed552fb815575f71e890e38d073] [inside updateCategory function try block data inserted successfully] 
[05-10-2017 03:31:31] [INFO] [] [] [] [inside updateCategory function try block] 
[05-10-2017 03:31:31] [INFO] [200] [2] [782c58328a24a9473b5ee7e8b2eb72719b679c92] [inside updateCategory function try block data inserted successfully] 
[05-10-2017 03:31:31] [INFO] [] [] [] [inside updateCategory function try block] 
[05-10-2017 03:31:31] [INFO] [200] [2] [68af2a8ca3842ed552fb815575f71e890e38d073] [inside updateCategory function try block data inserted successfully] 
[05-10-2017 03:31:31] [INFO] [] [] [] [inside updateCategory function try block] 
[05-10-2017 03:31:31] [INFO] [200] [2] [782c58328a24a9473b5ee7e8b2eb72719b679c92] [inside updateCategory function try block data inserted successfully] 
[05-10-2017 03:31:31] [INFO] [] [] [] [inside updateCategory function try block] 
[05-10-2017 03:31:31] [INFO] [200] [1] [845e0578d1c29e44996b4da9e92f81d21ab3a417] [inside updateCategory function try block data inserted successfully] 
[05-10-2017 03:31:31] [INFO] [] [] [] [inside updateCategory function try block] 
[05-10-2017 03:31:31] [INFO] [200] [1] [d133ddb165aedb73654084cc333edfad4f87a173] [inside updateCategory function try block data inserted successfully] 
[05-10-2017 03:31:31] [INFO] [] [] [] [inside updateCategory function try block] 
[05-10-2017 03:31:31] [INFO] [200] [2] [68af2a8ca3842ed552fb815575f71e890e38d073] [inside updateCategory function try block data inserted successfully] 
[05-10-2017 03:31:31] [INFO] [] [] [] [inside updateCategory function try block] 
[05-10-2017 03:31:31] [INFO] [200] [2] [782c58328a24a9473b5ee7e8b2eb72719b679c92] [inside updateCategory function try block data inserted successfully] 
[05-10-2017 03:31:31] [INFO] [] [] [] [inside updateCategory function try block] 
[05-10-2017 03:31:31] [INFO] [200] [2] [68af2a8ca3842ed552fb815575f71e890e38d073] [inside updateCategory function try block data inserted successfully] 
[05-10-2017 03:31:31] [INFO] [] [] [] [inside updateCategory function try block] 
[05-10-2017 03:31:31] [INFO] [200] [2] [782c58328a24a9473b5ee7e8b2eb72719b679c92] [inside updateCategory function try block data inserted successfully] 
[05-10-2017 03:31:31] [INFO] [] [] [] [inside updateCategory function try block] 
[05-10-2017 03:31:31] [INFO] [200] [1] [845e0578d1c29e44996b4da9e92f81d21ab3a417] [inside updateCategory function try block data inserted successfully] 
[05-10-2017 03:31:31] [INFO] [] [] [] [inside updateCategory function try block] 
[05-10-2017 03:31:31] [INFO] [200] [1] [d133ddb165aedb73654084cc333edfad4f87a173] [inside updateCategory function try block data inserted successfully] 
[05-10-2017 03:31:31] [INFO] [] [] [] [inside updateCategory function try block] 
[05-10-2017 03:31:31] [INFO] [200] [2] [68af2a8ca3842ed552fb815575f71e890e38d073] [inside updateCategory function try block data inserted successfully] 
[05-10-2017 03:31:31] [INFO] [] [] [] [inside updateCategory function try block] 
[05-10-2017 03:31:31] [INFO] [200] [2] [782c58328a24a9473b5ee7e8b2eb72719b679c92] [inside updateCategory function try block data inserted successfully] 
[05-10-2017 03:31:31] [INFO] [] [] [] [inside updateCategory function try block] 
[05-10-2017 03:31:31] [INFO] [200] [2] [68af2a8ca3842ed552fb815575f71e890e38d073] [inside updateCategory function try block data inserted successfully] 
[05-10-2017 03:31:31] [INFO] [] [] [] [inside updateCategory function try block] 
[05-10-2017 03:31:31] [INFO] [200] [2] [782c58328a24a9473b5ee7e8b2eb72719b679c92] [inside updateCategory function try block data inserted successfully] 
[05-10-2017 03:31:31] [INFO] [] [] [] [inside updateCategory function try block] 
[05-10-2017 03:31:31] [INFO] [200] [1] [845e0578d1c29e44996b4da9e92f81d21ab3a417] [inside updateCategory function try block data inserted successfully] 
[05-10-2017 03:31:31] [INFO] [] [] [] [inside updateCategory function try block] 
[05-10-2017 03:31:31] [INFO] [200] [1] [d133ddb165aedb73654084cc333edfad4f87a173] [inside updateCategory function try block data inserted successfully] 
[05-10-2017 03:31:31] [INFO] [] [] [] [inside updateCategory function try block] 
[05-10-2017 03:31:31] [INFO] [200] [2] [68af2a8ca3842ed552fb815575f71e890e38d073] [inside updateCategory function try block data inserted successfully] 
[05-10-2017 03:31:31] [INFO] [] [] [] [inside updateCategory function try block] 
[05-10-2017 03:31:31] [INFO] [200] [2] [782c58328a24a9473b5ee7e8b2eb72719b679c92] [inside updateCategory function try block data inserted successfully] 
[05-10-2017 03:31:31] [INFO] [] [] [] [inside updateCategory function try block] 
[05-10-2017 03:31:31] [INFO] [200] [2] [68af2a8ca3842ed552fb815575f71e890e38d073] [inside updateCategory function try block data inserted successfully] 
[05-10-2017 03:31:31] [INFO] [] [] [] [inside updateCategory function try block] 
[05-10-2017 03:31:31] [INFO] [200] [2] [782c58328a24a9473b5ee7e8b2eb72719b679c92] [inside updateCategory function try block data inserted successfully] 
[05-10-2017 03:31:31] [INFO] [] [] [] [inside updateCategory function try block] 
[05-10-2017 03:31:31] [INFO] [200] [1] [845e0578d1c29e44996b4da9e92f81d21ab3a417] [inside updateCategory function try block data inserted successfully] 
[05-10-2017 03:31:31] [INFO] [] [] [] [inside updateCategory function try block] 
[05-10-2017 03:31:31] [INFO] [200] [1] [d133ddb165aedb73654084cc333edfad4f87a173] [inside updateCategory function try block data inserted successfully] 
[05-10-2017 03:31:31] [INFO] [] [] [] [inside updateCategory function try block] 
[05-10-2017 03:31:31] [INFO] [200] [2] [68af2a8ca3842ed552fb815575f71e890e38d073] [inside updateCategory function try block data inserted successfully] 
[05-10-2017 03:31:31] [INFO] [] [] [] [inside updateCategory function try block] 
[05-10-2017 03:31:31] [INFO] [200] [2] [782c58328a24a9473b5ee7e8b2eb72719b679c92] [inside updateCategory function try block data inserted successfully] 
[05-10-2017 03:31:31] [INFO] [] [] [] [inside updateCategory function try block] 
[05-10-2017 03:31:31] [INFO] [200] [2] [68af2a8ca3842ed552fb815575f71e890e38d073] [inside updateCategory function try block data inserted successfully] 
[05-10-2017 03:31:31] [INFO] [] [] [] [inside updateCategory function try block] 
[05-10-2017 03:31:31] [INFO] [200] [2] [782c58328a24a9473b5ee7e8b2eb72719b679c92] [inside updateCategory function try block data inserted successfully] 
[05-10-2017 03:31:31] [INFO] [] [] [] [inside updateCategory function try block] 
[05-10-2017 03:31:31] [INFO] [200] [1] [845e0578d1c29e44996b4da9e92f81d21ab3a417] [inside updateCategory function try block data inserted successfully] 
[05-10-2017 03:31:31] [INFO] [] [] [] [inside updateCategory function try block] 
[05-10-2017 03:31:31] [INFO] [200] [1] [d133ddb165aedb73654084cc333edfad4f87a173] [inside updateCategory function try block data inserted successfully] 
[05-10-2017 03:31:31] [INFO] [] [] [] [inside updateCategory function try block] 
[05-10-2017 03:31:31] [INFO] [200] [2] [68af2a8ca3842ed552fb815575f71e890e38d073] [inside updateCategory function try block data inserted successfully] 
[05-10-2017 03:31:31] [INFO] [] [] [] [inside updateCategory function try block] 
[05-10-2017 03:31:31] [INFO] [200] [2] [782c58328a24a9473b5ee7e8b2eb72719b679c92] [inside updateCategory function try block data inserted successfully] 
[05-10-2017 03:31:31] [INFO] [] [] [] [inside updateCategory function try block] 
[05-10-2017 03:31:31] [INFO] [200] [2] [68af2a8ca3842ed552fb815575f71e890e38d073] [inside updateCategory function try block data inserted successfully] 
[05-10-2017 03:31:31] [INFO] [] [] [] [inside updateCategory function try block] 
[05-10-2017 03:31:31] [INFO] [200] [2] [782c58328a24a9473b5ee7e8b2eb72719b679c92] [inside updateCategory function try block data inserted successfully] 
[05-10-2017 03:31:31] [INFO] [] [] [] [inside updateCategory function try block] 
[05-10-2017 03:31:31] [INFO] [200] [1] [845e0578d1c29e44996b4da9e92f81d21ab3a417] [inside updateCategory function try block data inserted successfully] 
[05-10-2017 03:31:31] [INFO] [] [] [] [inside updateCategory function try block] 
[05-10-2017 03:31:31] [INFO] [200] [1] [d133ddb165aedb73654084cc333edfad4f87a173] [inside updateCategory function try block data inserted successfully] 
[05-10-2017 03:31:31] [INFO] [] [] [] [inside updateCategory function try block] 
[05-10-2017 03:31:31] [INFO] [200] [2] [68af2a8ca3842ed552fb815575f71e890e38d073] [inside updateCategory function try block data inserted successfully] 
[05-10-2017 03:31:31] [INFO] [] [] [] [inside updateCategory function try block] 
[05-10-2017 03:31:31] [INFO] [200] [2] [782c58328a24a9473b5ee7e8b2eb72719b679c92] [inside updateCategory function try block data inserted successfully] 
[05-10-2017 03:31:31] [INFO] [] [] [] [inside updateCategory function try block] 
[05-10-2017 03:31:31] [INFO] [200] [2] [68af2a8ca3842ed552fb815575f71e890e38d073] [inside updateCategory function try block data inserted successfully] 
[05-10-2017 03:31:31] [INFO] [] [] [] [inside updateCategory function try block] 
[05-10-2017 03:31:31] [INFO] [200] [2] [782c58328a24a9473b5ee7e8b2eb72719b679c92] [inside updateCategory function try block data inserted successfully] 
[05-10-2017 03:31:31] [INFO] [] [] [] [inside updateCategory function try block] 
[05-10-2017 03:31:31] [INFO] [200] [1] [845e0578d1c29e44996b4da9e92f81d21ab3a417] [inside updateCategory function try block data inserted successfully] 
[05-10-2017 03:31:31] [INFO] [] [] [] [inside updateCategory function try block] 
[05-10-2017 03:31:31] [INFO] [200] [1] [d133ddb165aedb73654084cc333edfad4f87a173] [inside updateCategory function try block data inserted successfully] 
[05-10-2017 03:31:31] [INFO] [] [] [] [inside updateCategory function try block] 
[05-10-2017 03:31:31] [INFO] [200] [2] [68af2a8ca3842ed552fb815575f71e890e38d073] [inside updateCategory function try block data inserted successfully] 
[05-10-2017 03:31:31] [INFO] [] [] [] [inside updateCategory function try block] 
[05-10-2017 03:31:31] [INFO] [200] [2] [782c58328a24a9473b5ee7e8b2eb72719b679c92] [inside updateCategory function try block data inserted successfully] 
[05-10-2017 03:31:31] [INFO] [] [] [] [inside updateCategory function try block] 
[05-10-2017 03:31:31] [INFO] [200] [2] [68af2a8ca3842ed552fb815575f71e890e38d073] [inside updateCategory function try block data inserted successfully] 
[05-10-2017 03:31:31] [INFO] [] [] [] [inside updateCategory function try block] 
[05-10-2017 03:31:31] [INFO] [200] [2] [782c58328a24a9473b5ee7e8b2eb72719b679c92] [inside updateCategory function try block data inserted successfully] 
[05-10-2017 03:31:31] [INFO] [] [] [] [inside updateCategory function try block] 
[05-10-2017 03:31:31] [INFO] [200] [1] [845e0578d1c29e44996b4da9e92f81d21ab3a417] [inside updateCategory function try block data inserted successfully] 
[05-10-2017 03:31:31] [INFO] [] [] [] [inside updateCategory function try block] 
[05-10-2017 03:31:31] [INFO] [200] [1] [d133ddb165aedb73654084cc333edfad4f87a173] [inside updateCategory function try block data inserted successfully] 
[05-10-2017 03:31:31] [INFO] [] [] [] [inside updateCategory function try block] 
[05-10-2017 03:31:31] [INFO] [200] [2] [68af2a8ca3842ed552fb815575f71e890e38d073] [inside updateCategory function try block data inserted successfully] 
[05-10-2017 03:31:31] [INFO] [] [] [] [inside updateCategory function try block] 
[05-10-2017 03:31:31] [INFO] [200] [2] [782c58328a24a9473b5ee7e8b2eb72719b679c92] [inside updateCategory function try block data inserted successfully] 
[05-10-2017 03:31:31] [INFO] [] [] [] [inside updateCategory function try block] 
[05-10-2017 03:31:31] [INFO] [200] [2] [68af2a8ca3842ed552fb815575f71e890e38d073] [inside updateCategory function try block data inserted successfully] 
[05-10-2017 03:31:31] [INFO] [] [] [] [inside updateCategory function try block] 
[05-10-2017 03:31:31] [INFO] [200] [2] [782c58328a24a9473b5ee7e8b2eb72719b679c92] [inside updateCategory function try block data inserted successfully] 
[05-10-2017 03:31:31] [INFO] [] [] [] [inside updateCategory function try block] 
[05-10-2017 03:31:31] [INFO] [200] [1] [845e0578d1c29e44996b4da9e92f81d21ab3a417] [inside updateCategory function try block data inserted successfully] 
[05-10-2017 03:31:31] [INFO] [] [] [] [inside updateCategory function try block] 
[05-10-2017 03:31:31] [INFO] [200] [1] [d133ddb165aedb73654084cc333edfad4f87a173] [inside updateCategory function try block data inserted successfully] 
[05-10-2017 03:31:31] [INFO] [] [] [] [inside updateCategory function try block] 
[05-10-2017 03:31:31] [INFO] [200] [2] [68af2a8ca3842ed552fb815575f71e890e38d073] [inside updateCategory function try block data inserted successfully] 
[05-10-2017 03:31:31] [INFO] [] [] [] [inside updateCategory function try block] 
[05-10-2017 03:31:31] [INFO] [200] [2] [782c58328a24a9473b5ee7e8b2eb72719b679c92] [inside updateCategory function try block data inserted successfully] 
[05-10-2017 03:31:31] [INFO] [] [] [] [inside updateCategory function try block] 
[05-10-2017 03:31:31] [INFO] [200] [2] [68af2a8ca3842ed552fb815575f71e890e38d073] [inside updateCategory function try block data inserted successfully] 
[05-10-2017 03:31:31] [INFO] [] [] [] [inside updateCategory function try block] 
[05-10-2017 03:31:31] [INFO] [200] [2] [782c58328a24a9473b5ee7e8b2eb72719b679c92] [inside updateCategory function try block data inserted successfully] 
[05-10-2017 03:31:31] [INFO] [] [] [] [inside updateCategory function try block] 
[05-10-2017 03:31:31] [INFO] [200] [1] [845e0578d1c29e44996b4da9e92f81d21ab3a417] [inside updateCategory function try block data inserted successfully] 
[05-10-2017 03:31:31] [INFO] [] [] [] [inside updateCategory function try block] 
[05-10-2017 03:31:31] [INFO] [200] [1] [d133ddb165aedb73654084cc333edfad4f87a173] [inside updateCategory function try block data inserted successfully] 
[05-10-2017 03:31:31] [INFO] [] [] [] [inside updateCategory function try block] 
[05-10-2017 03:31:31] [INFO] [200] [2] [68af2a8ca3842ed552fb815575f71e890e38d073] [inside updateCategory function try block data inserted successfully] 
[05-10-2017 03:31:31] [INFO] [] [] [] [inside updateCategory function try block] 
[05-10-2017 03:31:31] [INFO] [200] [2] [782c58328a24a9473b5ee7e8b2eb72719b679c92] [inside updateCategory function try block data inserted successfully] 
[05-10-2017 03:31:31] [INFO] [] [] [] [inside updateCategory function try block] 
[05-10-2017 03:31:31] [INFO] [200] [2] [68af2a8ca3842ed552fb815575f71e890e38d073] [inside updateCategory function try block data inserted successfully] 
[05-10-2017 03:31:31] [INFO] [] [] [] [inside updateCategory function try block] 
[05-10-2017 03:31:31] [INFO] [200] [2] [782c58328a24a9473b5ee7e8b2eb72719b679c92] [inside updateCategory function try block data inserted successfully] 
[05-10-2017 03:31:31] [INFO] [] [] [] [inside updateCategory function try block] 
[05-10-2017 03:31:31] [INFO] [200] [1] [845e0578d1c29e44996b4da9e92f81d21ab3a417] [inside updateCategory function try block data inserted successfully] 
[05-10-2017 03:31:31] [INFO] [] [] [] [inside updateCategory function try block] 
[05-10-2017 03:31:31] [INFO] [200] [1] [d133ddb165aedb73654084cc333edfad4f87a173] [inside updateCategory function try block data inserted successfully] 
[05-10-2017 03:31:31] [INFO] [] [] [] [inside updateCategory function try block] 
[05-10-2017 03:31:31] [INFO] [200] [2] [68af2a8ca3842ed552fb815575f71e890e38d073] [inside updateCategory function try block data inserted successfully] 
[05-10-2017 03:31:31] [INFO] [] [] [] [inside updateCategory function try block] 
[05-10-2017 03:31:31] [INFO] [200] [2] [782c58328a24a9473b5ee7e8b2eb72719b679c92] [inside updateCategory function try block data inserted successfully] 
[05-10-2017 03:31:31] [INFO] [] [] [] [inside updateCategory function try block] 
[05-10-2017 03:31:31] [INFO] [200] [2] [68af2a8ca3842ed552fb815575f71e890e38d073] [inside updateCategory function try block data inserted successfully] 
[05-10-2017 03:31:31] [INFO] [] [] [] [inside updateCategory function try block] 
[05-10-2017 03:31:31] [INFO] [200] [2] [782c58328a24a9473b5ee7e8b2eb72719b679c92] [inside updateCategory function try block data inserted successfully] 
[05-10-2017 03:31:31] [INFO] [] [] [] [inside updateCategory function try block] 
[05-10-2017 03:31:32] [INFO] [200] [1] [845e0578d1c29e44996b4da9e92f81d21ab3a417] [inside updateCategory function try block data inserted successfully] 
[05-10-2017 03:31:32] [INFO] [] [] [] [inside updateCategory function try block] 
[05-10-2017 03:31:32] [INFO] [200] [1] [d133ddb165aedb73654084cc333edfad4f87a173] [inside updateCategory function try block data inserted successfully] 
[05-10-2017 03:31:32] [INFO] [] [] [] [inside updateCategory function try block] 
[05-10-2017 03:31:32] [INFO] [200] [2] [68af2a8ca3842ed552fb815575f71e890e38d073] [inside updateCategory function try block data inserted successfully] 
[05-10-2017 03:31:32] [INFO] [] [] [] [inside updateCategory function try block] 
[05-10-2017 03:31:32] [INFO] [200] [2] [782c58328a24a9473b5ee7e8b2eb72719b679c92] [inside updateCategory function try block data inserted successfully] 
[05-10-2017 03:31:32] [INFO] [] [] [] [inside updateCategory function try block] 
[05-10-2017 03:31:32] [INFO] [200] [2] [68af2a8ca3842ed552fb815575f71e890e38d073] [inside updateCategory function try block data inserted successfully] 
[05-10-2017 03:31:32] [INFO] [] [] [] [inside updateCategory function try block] 
[05-10-2017 03:31:32] [INFO] [200] [2] [782c58328a24a9473b5ee7e8b2eb72719b679c92] [inside updateCategory function try block data inserted successfully] 
[05-10-2017 03:31:32] [INFO] [] [] [] [inside updateCategory function try block] 
[05-10-2017 03:31:32] [INFO] [101] [104] [6040880002f4aae1db4f530db4cc79871446de3b] [inside updateCategory function try block data inserted successfully] 
[05-10-2017 03:31:32] [INFO] [] [] [] [inside updateCategory function try block] 
[05-10-2017 03:31:32] [INFO] [101] [104] [b777e08ac76839d747e7220ea4bb9ba716004536] [inside updateCategory function try block data inserted successfully] 
[05-10-2017 03:31:32] [INFO] [] [] [] [inside updateCategory function try block] 
[05-10-2017 03:31:32] [INFO] [101] [104] [6040880002f4aae1db4f530db4cc79871446de3b] [inside updateCategory function try block data inserted successfully] 
[05-10-2017 03:31:32] [INFO] [] [] [] [inside updateCategory function try block] 
[05-10-2017 03:31:32] [INFO] [101] [104] [b777e08ac76839d747e7220ea4bb9ba716004536] [inside updateCategory function try block data inserted successfully] 
[05-10-2017 03:31:32] [INFO] [] [] [] [inside updateCategory function try block] 
[05-10-2017 03:31:32] [INFO] [101] [104] [6040880002f4aae1db4f530db4cc79871446de3b] [inside updateCategory function try block data inserted successfully] 
[05-10-2017 03:31:32] [INFO] [] [] [] [inside updateCategory function try block] 
[05-10-2017 03:31:32] [INFO] [101] [104] [b777e08ac76839d747e7220ea4bb9ba716004536] [inside updateCategory function try block data inserted successfully] 
[05-10-2017 03:31:32] [INFO] [] [] [] [inside updateCategory function try block] 
[05-10-2017 03:31:32] [INFO] [101] [104] [6040880002f4aae1db4f530db4cc79871446de3b] [inside updateCategory function try block data inserted successfully] 
[05-10-2017 03:31:32] [INFO] [] [] [] [inside updateCategory function try block] 
[05-10-2017 03:31:32] [INFO] [101] [104] [9fd36dd67fc7b4f3a63ef782c8ebc834008b9be7] [inside updateCategory function try block data inserted successfully] 
[05-10-2017 03:31:32] [INFO] [] [] [] [inside updateCategory function try block] 
[05-10-2017 03:31:32] [INFO] [101] [104] [6040880002f4aae1db4f530db4cc79871446de3b] [inside updateCategory function try block data inserted successfully] 
[05-10-2017 03:31:32] [INFO] [] [] [] [inside updateCategory function try block] 
[05-10-2017 03:31:32] [INFO] [101] [104] [b777e08ac76839d747e7220ea4bb9ba716004536] [inside updateCategory function try block data inserted successfully] 
[05-10-2017 03:31:32] [INFO] [] [] [] [inside updateCategory function try block] 
[05-10-2017 03:31:32] [INFO] [101] [104] [6040880002f4aae1db4f530db4cc79871446de3b] [inside updateCategory function try block data inserted successfully] 
[05-10-2017 03:31:32] [INFO] [] [] [] [inside updateCategory function try block] 
[05-10-2017 03:31:32] [INFO] [101] [104] [b777e08ac76839d747e7220ea4bb9ba716004536] [inside updateCategory function try block data inserted successfully] 
[05-10-2017 03:31:32] [INFO] [] [] [] [inside updateCategory function try block] 
[05-10-2017 03:31:32] [INFO] [101] [104] [6040880002f4aae1db4f530db4cc79871446de3b] [inside updateCategory function try block data inserted successfully] 
[05-10-2017 03:31:32] [INFO] [] [] [] [inside updateCategory function try block] 
[05-10-2017 03:31:32] [INFO] [101] [104] [b777e08ac76839d747e7220ea4bb9ba716004536] [inside updateCategory function try block data inserted successfully] 
[05-10-2017 03:31:32] [INFO] [] [] [] [inside updateCategory function try block] 
[05-10-2017 03:31:32] [INFO] [101] [104] [6040880002f4aae1db4f530db4cc79871446de3b] [inside updateCategory function try block data inserted successfully] 
[05-10-2017 03:31:32] [INFO] [] [] [] [inside updateCategory function try block] 
[05-10-2017 03:31:32] [INFO] [101] [104] [9fd36dd67fc7b4f3a63ef782c8ebc834008b9be7] [inside updateCategory function try block data inserted successfully] 
[05-10-2017 03:31:32] [INFO] [] [] [] [inside updateCategory function try block] 
[05-10-2017 03:31:32] [INFO] [101] [104] [6040880002f4aae1db4f530db4cc79871446de3b] [inside updateCategory function try block data inserted successfully] 
[05-10-2017 03:31:32] [INFO] [] [] [] [inside updateCategory function try block] 
[05-10-2017 03:31:32] [INFO] [101] [104] [b777e08ac76839d747e7220ea4bb9ba716004536] [inside updateCategory function try block data inserted successfully] 
[05-10-2017 03:31:32] [INFO] [] [] [] [inside updateCategory function try block] 
[05-10-2017 03:31:32] [INFO] [101] [104] [6040880002f4aae1db4f530db4cc79871446de3b] [inside updateCategory function try block data inserted successfully] 
[05-10-2017 03:31:32] [INFO] [] [] [] [inside updateCategory function try block] 
[05-10-2017 03:31:32] [INFO] [101] [104] [b777e08ac76839d747e7220ea4bb9ba716004536] [inside updateCategory function try block data inserted successfully] 
[05-10-2017 03:31:32] [INFO] [] [] [] [inside updateCategory function try block] 
[05-10-2017 03:31:32] [INFO] [101] [104] [6040880002f4aae1db4f530db4cc79871446de3b] [inside updateCategory function try block data inserted successfully] 
[05-10-2017 03:31:32] [INFO] [] [] [] [inside updateCategory function try block] 
[05-10-2017 03:31:32] [INFO] [101] [104] [b777e08ac76839d747e7220ea4bb9ba716004536] [inside updateCategory function try block data inserted successfully] 
[05-10-2017 03:31:32] [INFO] [] [] [] [inside updateCategory function try block] 
[05-10-2017 03:31:32] [INFO] [101] [104] [6040880002f4aae1db4f530db4cc79871446de3b] [inside updateCategory function try block data inserted successfully] 
[05-10-2017 03:31:32] [INFO] [] [] [] [inside updateCategory function try block] 
[05-10-2017 03:31:32] [INFO] [101] [104] [9fd36dd67fc7b4f3a63ef782c8ebc834008b9be7] [inside updateCategory function try block data inserted successfully] 
[05-10-2017 03:31:32] [INFO] [] [] [] [inside updateCategory function try block] 
[05-10-2017 03:31:32] [INFO] [101] [104] [6040880002f4aae1db4f530db4cc79871446de3b] [inside updateCategory function try block data inserted successfully] 
[05-10-2017 03:31:32] [INFO] [] [] [] [inside updateCategory function try block] 
[05-10-2017 03:31:32] [INFO] [101] [104] [b777e08ac76839d747e7220ea4bb9ba716004536] [inside updateCategory function try block data inserted successfully] 
[05-10-2017 03:31:32] [INFO] [] [] [] [inside updateCategory function try block] 
[05-10-2017 03:31:32] [INFO] [101] [104] [6040880002f4aae1db4f530db4cc79871446de3b] [inside updateCategory function try block data inserted successfully] 
[05-10-2017 03:31:32] [INFO] [] [] [] [inside updateCategory function try block] 
[05-10-2017 03:31:32] [INFO] [101] [104] [b777e08ac76839d747e7220ea4bb9ba716004536] [inside updateCategory function try block data inserted successfully] 
[05-10-2017 03:31:32] [INFO] [] [] [] [inside updateCategory function try block] 
[05-10-2017 03:31:32] [INFO] [101] [104] [6040880002f4aae1db4f530db4cc79871446de3b] [inside updateCategory function try block data inserted successfully] 
[05-10-2017 03:31:32] [INFO] [] [] [] [inside updateCategory function try block] 
[05-10-2017 03:31:32] [INFO] [101] [104] [b777e08ac76839d747e7220ea4bb9ba716004536] [inside updateCategory function try block data inserted successfully] 
[05-10-2017 03:31:32] [INFO] [] [] [] [inside updateCategory function try block] 
[05-10-2017 03:31:32] [INFO] [101] [104] [6040880002f4aae1db4f530db4cc79871446de3b] [inside updateCategory function try block data inserted successfully] 
[05-10-2017 03:31:32] [INFO] [] [] [] [inside updateCategory function try block] 
[05-10-2017 03:31:32] [INFO] [101] [104] [9fd36dd67fc7b4f3a63ef782c8ebc834008b9be7] [inside updateCategory function try block data inserted successfully] 
[05-10-2017 03:31:32] [INFO] [] [] [] [inside updateCategory function try block] 
[05-10-2017 03:31:32] [INFO] [101] [104] [6040880002f4aae1db4f530db4cc79871446de3b] [inside updateCategory function try block data inserted successfully] 
[05-10-2017 03:31:32] [INFO] [] [] [] [inside updateCategory function try block] 
[05-10-2017 03:31:32] [INFO] [101] [104] [b777e08ac76839d747e7220ea4bb9ba716004536] [inside updateCategory function try block data inserted successfully] 
[05-10-2017 03:31:32] [INFO] [] [] [] [inside updateCategory function try block] 
[05-10-2017 03:31:32] [INFO] [101] [104] [6040880002f4aae1db4f530db4cc79871446de3b] [inside updateCategory function try block data inserted successfully] 
[05-10-2017 03:31:32] [INFO] [] [] [] [inside updateCategory function try block] 
[05-10-2017 03:31:32] [INFO] [101] [104] [b777e08ac76839d747e7220ea4bb9ba716004536] [inside updateCategory function try block data inserted successfully] 
[05-10-2017 03:31:32] [INFO] [] [] [] [inside updateCategory function try block] 
[05-10-2017 03:31:32] [INFO] [101] [104] [6040880002f4aae1db4f530db4cc79871446de3b] [inside updateCategory function try block data inserted successfully] 
[05-10-2017 03:31:32] [INFO] [] [] [] [inside updateCategory function try block] 
[05-10-2017 03:31:32] [INFO] [101] [104] [b777e08ac76839d747e7220ea4bb9ba716004536] [inside updateCategory function try block data inserted successfully] 
[05-10-2017 03:31:32] [INFO] [] [] [] [inside updateCategory function try block] 
[05-10-2017 03:31:32] [INFO] [101] [104] [6040880002f4aae1db4f530db4cc79871446de3b] [inside updateCategory function try block data inserted successfully] 
[05-10-2017 03:31:32] [INFO] [] [] [] [inside updateCategory function try block] 
[05-10-2017 03:31:32] [INFO] [101] [104] [9fd36dd67fc7b4f3a63ef782c8ebc834008b9be7] [inside updateCategory function try block data inserted successfully] 
[05-10-2017 03:31:32] [INFO] [] [] [] [inside updateCategory function try block] 
[05-10-2017 03:31:32] [INFO] [101] [104] [6040880002f4aae1db4f530db4cc79871446de3b] [inside updateCategory function try block data inserted successfully] 
[05-10-2017 03:31:32] [INFO] [] [] [] [inside updateCategory function try block] 
[05-10-2017 03:31:32] [INFO] [101] [104] [b777e08ac76839d747e7220ea4bb9ba716004536] [inside updateCategory function try block data inserted successfully] 
[05-10-2017 03:31:32] [INFO] [] [] [] [inside updateCategory function try block] 
[05-10-2017 03:31:32] [INFO] [101] [104] [6040880002f4aae1db4f530db4cc79871446de3b] [inside updateCategory function try block data inserted successfully] 
[05-10-2017 03:31:32] [INFO] [] [] [] [inside updateCategory function try block] 
[05-10-2017 03:31:32] [INFO] [101] [104] [b777e08ac76839d747e7220ea4bb9ba716004536] [inside updateCategory function try block data inserted successfully] 
[05-10-2017 03:31:32] [INFO] [] [] [] [inside updateCategory function try block] 
[05-10-2017 03:31:32] [INFO] [101] [104] [6040880002f4aae1db4f530db4cc79871446de3b] [inside updateCategory function try block data inserted successfully] 
[05-10-2017 03:31:32] [INFO] [] [] [] [inside updateCategory function try block] 
[05-10-2017 03:31:32] [INFO] [101] [104] [b777e08ac76839d747e7220ea4bb9ba716004536] [inside updateCategory function try block data inserted successfully] 
[05-10-2017 03:31:32] [INFO] [] [] [] [inside updateCategory function try block] 
[05-10-2017 03:31:32] [INFO] [101] [104] [6040880002f4aae1db4f530db4cc79871446de3b] [inside updateCategory function try block data inserted successfully] 
[05-10-2017 03:31:32] [INFO] [] [] [] [inside updateCategory function try block] 
[05-10-2017 03:31:32] [INFO] [101] [104] [9fd36dd67fc7b4f3a63ef782c8ebc834008b9be7] [inside updateCategory function try block data inserted successfully] 
[05-10-2017 03:31:32] [INFO] [] [] [] [inside updateCategory function try block] 
[05-10-2017 03:31:32] [INFO] [101] [104] [6040880002f4aae1db4f530db4cc79871446de3b] [inside updateCategory function try block data inserted successfully] 
[05-10-2017 03:31:32] [INFO] [] [] [] [inside updateCategory function try block] 
[05-10-2017 03:31:32] [INFO] [101] [104] [b777e08ac76839d747e7220ea4bb9ba716004536] [inside updateCategory function try block data inserted successfully] 
[05-10-2017 03:31:32] [INFO] [] [] [] [inside updateCategory function try block] 
[05-10-2017 03:31:32] [INFO] [101] [104] [6040880002f4aae1db4f530db4cc79871446de3b] [inside updateCategory function try block data inserted successfully] 
[05-10-2017 03:31:32] [INFO] [] [] [] [inside updateCategory function try block] 
[05-10-2017 03:31:32] [INFO] [101] [104] [b777e08ac76839d747e7220ea4bb9ba716004536] [inside updateCategory function try block data inserted successfully] 
[05-10-2017 03:31:32] [INFO] [] [] [] [inside updateCategory function try block] 
[05-10-2017 03:31:32] [INFO] [101] [104] [6040880002f4aae1db4f530db4cc79871446de3b] [inside updateCategory function try block data inserted successfully] 
[05-10-2017 03:31:32] [INFO] [] [] [] [inside updateCategory function try block] 
[05-10-2017 03:31:32] [INFO] [101] [104] [b777e08ac76839d747e7220ea4bb9ba716004536] [inside updateCategory function try block data inserted successfully] 
[05-10-2017 03:31:32] [INFO] [] [] [] [inside updateCategory function try block] 
[05-10-2017 03:31:32] [INFO] [101] [104] [6040880002f4aae1db4f530db4cc79871446de3b] [inside updateCategory function try block data inserted successfully] 
[05-10-2017 03:31:32] [INFO] [] [] [] [inside updateCategory function try block] 
[05-10-2017 03:31:32] [INFO] [101] [104] [9fd36dd67fc7b4f3a63ef782c8ebc834008b9be7] [inside updateCategory function try block data inserted successfully] 
[05-10-2017 03:31:32] [INFO] [] [] [] [inside updateCategory function try block] 
[05-10-2017 03:31:32] [INFO] [101] [104] [6040880002f4aae1db4f530db4cc79871446de3b] [inside updateCategory function try block data inserted successfully] 
[05-10-2017 03:31:32] [INFO] [] [] [] [inside updateCategory function try block] 
[05-10-2017 03:31:32] [INFO] [101] [104] [b777e08ac76839d747e7220ea4bb9ba716004536] [inside updateCategory function try block data inserted successfully] 
[05-10-2017 03:31:32] [INFO] [] [] [] [inside updateCategory function try block] 
[05-10-2017 03:31:32] [INFO] [101] [104] [6040880002f4aae1db4f530db4cc79871446de3b] [inside updateCategory function try block data inserted successfully] 
[05-10-2017 03:31:32] [INFO] [] [] [] [inside updateCategory function try block] 
[05-10-2017 03:31:32] [INFO] [101] [104] [b777e08ac76839d747e7220ea4bb9ba716004536] [inside updateCategory function try block data inserted successfully] 
[05-10-2017 03:31:32] [INFO] [] [] [] [inside updateCategory function try block] 
[05-10-2017 03:31:32] [INFO] [101] [104] [6040880002f4aae1db4f530db4cc79871446de3b] [inside updateCategory function try block data inserted successfully] 
[05-10-2017 03:31:32] [INFO] [] [] [] [inside updateCategory function try block] 
[05-10-2017 03:31:32] [INFO] [101] [104] [b777e08ac76839d747e7220ea4bb9ba716004536] [inside updateCategory function try block data inserted successfully] 
[05-10-2017 03:31:32] [INFO] [] [] [] [inside updateCategory function try block] 
[05-10-2017 03:31:32] [INFO] [101] [104] [6040880002f4aae1db4f530db4cc79871446de3b] [inside updateCategory function try block data inserted successfully] 
[05-10-2017 03:31:32] [INFO] [] [] [] [inside updateCategory function try block] 
[05-10-2017 03:31:32] [INFO] [101] [104] [9fd36dd67fc7b4f3a63ef782c8ebc834008b9be7] [inside updateCategory function try block data inserted successfully] 
[05-10-2017 03:31:32] [INFO] [] [] [] [inside updateCategory function try block] 
[05-10-2017 03:31:32] [INFO] [101] [104] [6040880002f4aae1db4f530db4cc79871446de3b] [inside updateCategory function try block data inserted successfully] 
[05-10-2017 03:31:32] [INFO] [] [] [] [inside updateCategory function try block] 
[05-10-2017 03:31:32] [INFO] [101] [104] [b777e08ac76839d747e7220ea4bb9ba716004536] [inside updateCategory function try block data inserted successfully] 
[05-10-2017 03:31:32] [INFO] [] [] [] [inside updateCategory function try block] 
[05-10-2017 03:31:32] [INFO] [101] [104] [6040880002f4aae1db4f530db4cc79871446de3b] [inside updateCategory function try block data inserted successfully] 
[05-10-2017 03:31:32] [INFO] [] [] [] [inside updateCategory function try block] 
[05-10-2017 03:31:32] [INFO] [101] [104] [b777e08ac76839d747e7220ea4bb9ba716004536] [inside updateCategory function try block data inserted successfully] 
[05-10-2017 03:31:32] [INFO] [] [] [] [inside updateCategory function try block] 
[05-10-2017 03:31:32] [INFO] [101] [104] [6040880002f4aae1db4f530db4cc79871446de3b] [inside updateCategory function try block data inserted successfully] 
[05-10-2017 03:31:32] [INFO] [] [] [] [inside updateCategory function try block] 
[05-10-2017 03:31:32] [INFO] [101] [104] [b777e08ac76839d747e7220ea4bb9ba716004536] [inside updateCategory function try block data inserted successfully] 
[05-10-2017 03:31:32] [INFO] [] [] [] [inside updateCategory function try block] 
[05-10-2017 03:31:32] [INFO] [101] [104] [6040880002f4aae1db4f530db4cc79871446de3b] [inside updateCategory function try block data inserted successfully] 
[05-10-2017 03:31:32] [INFO] [] [] [] [inside updateCategory function try block] 
[05-10-2017 03:31:32] [INFO] [101] [104] [9fd36dd67fc7b4f3a63ef782c8ebc834008b9be7] [inside updateCategory function try block data inserted successfully] 
[05-10-2017 03:31:32] [INFO] [] [] [] [inside updateCategory function try block] 
[05-10-2017 03:31:32] [INFO] [101] [104] [6040880002f4aae1db4f530db4cc79871446de3b] [inside updateCategory function try block data inserted successfully] 
[05-10-2017 03:31:32] [INFO] [] [] [] [inside updateCategory function try block] 
[05-10-2017 03:31:32] [INFO] [101] [104] [b777e08ac76839d747e7220ea4bb9ba716004536] [inside updateCategory function try block data inserted successfully] 
[05-10-2017 03:31:32] [INFO] [] [] [] [inside updateCategory function try block] 
[05-10-2017 03:31:32] [INFO] [101] [104] [6040880002f4aae1db4f530db4cc79871446de3b] [inside updateCategory function try block data inserted successfully] 
[05-10-2017 03:31:32] [INFO] [] [] [] [inside updateCategory function try block] 
[05-10-2017 03:31:32] [INFO] [101] [104] [b777e08ac76839d747e7220ea4bb9ba716004536] [inside updateCategory function try block data inserted successfully] 
[05-10-2017 03:31:32] [INFO] [] [] [] [inside updateCategory function try block] 
[05-10-2017 03:31:32] [INFO] [101] [104] [6040880002f4aae1db4f530db4cc79871446de3b] [inside updateCategory function try block data inserted successfully] 
[05-10-2017 03:31:32] [INFO] [] [] [] [inside updateCategory function try block] 
[05-10-2017 03:31:32] [INFO] [101] [104] [b777e08ac76839d747e7220ea4bb9ba716004536] [inside updateCategory function try block data inserted successfully] 
[05-10-2017 03:31:32] [INFO] [] [] [] [inside updateCategory function try block] 
[05-10-2017 03:31:32] [INFO] [101] [104] [6040880002f4aae1db4f530db4cc79871446de3b] [inside updateCategory function try block data inserted successfully] 
[05-10-2017 03:31:32] [INFO] [] [] [] [inside updateCategory function try block] 
[05-10-2017 03:31:32] [INFO] [101] [104] [9fd36dd67fc7b4f3a63ef782c8ebc834008b9be7] [inside updateCategory function try block data inserted successfully] 
[05-10-2017 03:31:32] [INFO] [] [] [] [inside updateCategory function try block] 
[05-10-2017 03:31:32] [INFO] [101] [104] [6040880002f4aae1db4f530db4cc79871446de3b] [inside updateCategory function try block data inserted successfully] 
[05-10-2017 03:31:32] [INFO] [] [] [] [inside updateCategory function try block] 
[05-10-2017 03:31:32] [INFO] [101] [104] [b777e08ac76839d747e7220ea4bb9ba716004536] [inside updateCategory function try block data inserted successfully] 
[05-10-2017 03:31:32] [INFO] [] [] [] [inside updateCategory function try block] 
[05-10-2017 03:31:32] [INFO] [101] [104] [6040880002f4aae1db4f530db4cc79871446de3b] [inside updateCategory function try block data inserted successfully] 
[05-10-2017 03:31:32] [INFO] [] [] [] [inside updateCategory function try block] 
[05-10-2017 03:31:32] [INFO] [101] [104] [b777e08ac76839d747e7220ea4bb9ba716004536] [inside updateCategory function try block data inserted successfully] 
[05-10-2017 03:31:32] [INFO] [] [] [] [inside updateCategory function try block] 
[05-10-2017 03:31:32] [INFO] [101] [104] [6040880002f4aae1db4f530db4cc79871446de3b] [inside updateCategory function try block data inserted successfully] 
[05-10-2017 03:31:32] [INFO] [] [] [] [inside updateCategory function try block] 
[05-10-2017 03:31:32] [INFO] [101] [104] [b777e08ac76839d747e7220ea4bb9ba716004536] [inside updateCategory function try block data inserted successfully] 
[05-10-2017 03:31:32] [INFO] [] [] [] [inside updateCategory function try block] 
[05-10-2017 03:31:32] [INFO] [101] [104] [6040880002f4aae1db4f530db4cc79871446de3b] [inside updateCategory function try block data inserted successfully] 
[05-10-2017 03:31:32] [INFO] [] [] [] [inside updateCategory function try block] 
[05-10-2017 03:31:32] [INFO] [101] [104] [9fd36dd67fc7b4f3a63ef782c8ebc834008b9be7] [inside updateCategory function try block data inserted successfully] 
[05-10-2017 03:31:32] [INFO] [] [] [] [inside updateCategory function try block] 
[05-10-2017 03:31:32] [INFO] [101] [104] [6040880002f4aae1db4f530db4cc79871446de3b] [inside updateCategory function try block data inserted successfully] 
[05-10-2017 03:31:32] [INFO] [] [] [] [inside updateCategory function try block] 
[05-10-2017 03:31:32] [INFO] [101] [104] [b777e08ac76839d747e7220ea4bb9ba716004536] [inside updateCategory function try block data inserted successfully] 
[05-10-2017 03:31:32] [INFO] [] [] [] [inside updateCategory function try block] 
[05-10-2017 03:31:32] [INFO] [101] [104] [6040880002f4aae1db4f530db4cc79871446de3b] [inside updateCategory function try block data inserted successfully] 
[05-10-2017 03:31:32] [INFO] [] [] [] [inside updateCategory function try block] 
[05-10-2017 03:31:32] [INFO] [101] [104] [b777e08ac76839d747e7220ea4bb9ba716004536] [inside updateCategory function try block data inserted successfully] 
[05-10-2017 03:31:32] [INFO] [] [] [] [inside updateCategory function try block] 
[05-10-2017 03:31:32] [INFO] [101] [104] [6040880002f4aae1db4f530db4cc79871446de3b] [inside updateCategory function try block data inserted successfully] 
[05-10-2017 03:31:32] [INFO] [] [] [] [inside updateCategory function try block] 
[05-10-2017 03:31:32] [INFO] [101] [104] [b777e08ac76839d747e7220ea4bb9ba716004536] [inside updateCategory function try block data inserted successfully] 
[05-10-2017 03:31:32] [INFO] [] [] [] [inside updateCategory function try block] 
[05-10-2017 03:31:32] [INFO] [101] [104] [6040880002f4aae1db4f530db4cc79871446de3b] [inside updateCategory function try block data inserted successfully] 
[05-10-2017 03:31:32] [INFO] [] [] [] [inside updateCategory function try block] 
[05-10-2017 03:31:32] [INFO] [101] [104] [9fd36dd67fc7b4f3a63ef782c8ebc834008b9be7] [inside updateCategory function try block data inserted successfully] 
[05-10-2017 03:31:32] [INFO] [] [] [] [inside updateCategory function try block] 
[05-10-2017 03:31:32] [INFO] [101] [104] [6040880002f4aae1db4f530db4cc79871446de3b] [inside updateCategory function try block data inserted successfully] 
[05-10-2017 03:31:32] [INFO] [] [] [] [inside updateCategory function try block] 
[05-10-2017 03:31:32] [INFO] [101] [104] [b777e08ac76839d747e7220ea4bb9ba716004536] [inside updateCategory function try block data inserted successfully] 
[05-10-2017 03:31:32] [INFO] [] [] [] [inside updateCategory function try block] 
[05-10-2017 03:31:32] [INFO] [101] [104] [6040880002f4aae1db4f530db4cc79871446de3b] [inside updateCategory function try block data inserted successfully] 
[05-10-2017 03:31:32] [INFO] [] [] [] [inside updateCategory function try block] 
[05-10-2017 03:31:32] [INFO] [101] [104] [b777e08ac76839d747e7220ea4bb9ba716004536] [inside updateCategory function try block data inserted successfully] 
[05-10-2017 03:31:32] [INFO] [] [] [] [inside updateCategory function try block] 
[05-10-2017 03:31:32] [INFO] [101] [104] [6040880002f4aae1db4f530db4cc79871446de3b] [inside updateCategory function try block data inserted successfully] 
[05-10-2017 03:31:32] [INFO] [] [] [] [inside updateCategory function try block] 
[05-10-2017 03:31:32] [INFO] [101] [104] [b777e08ac76839d747e7220ea4bb9ba716004536] [inside updateCategory function try block data inserted successfully] 
[05-10-2017 03:31:32] [INFO] [] [] [] [inside updateCategory function try block] 
[05-10-2017 03:31:32] [INFO] [101] [104] [6040880002f4aae1db4f530db4cc79871446de3b] [inside updateCategory function try block data inserted successfully] 
[05-10-2017 03:31:32] [INFO] [] [] [] [inside updateCategory function try block] 
[05-10-2017 03:31:32] [INFO] [101] [104] [9fd36dd67fc7b4f3a63ef782c8ebc834008b9be7] [inside updateCategory function try block data inserted successfully] 
[05-10-2017 03:31:32] [INFO] [] [] [] [inside updateCategory function try block] 
[05-10-2017 03:31:32] [INFO] [101] [104] [6040880002f4aae1db4f530db4cc79871446de3b] [inside updateCategory function try block data inserted successfully] 
[05-10-2017 03:31:32] [INFO] [] [] [] [inside updateCategory function try block] 
[05-10-2017 03:31:32] [INFO] [101] [104] [b777e08ac76839d747e7220ea4bb9ba716004536] [inside updateCategory function try block data inserted successfully] 
[05-10-2017 03:31:32] [INFO] [] [] [] [inside updateCategory function try block] 
[05-10-2017 03:31:32] [INFO] [101] [104] [6040880002f4aae1db4f530db4cc79871446de3b] [inside updateCategory function try block data inserted successfully] 
[05-10-2017 03:31:32] [INFO] [] [] [] [inside updateCategory function try block] 
[05-10-2017 03:31:32] [INFO] [101] [104] [b777e08ac76839d747e7220ea4bb9ba716004536] [inside updateCategory function try block data inserted successfully] 
[05-10-2017 03:31:32] [INFO] [] [] [] [inside updateCategory function try block] 
[05-10-2017 03:31:32] [INFO] [101] [104] [6040880002f4aae1db4f530db4cc79871446de3b] [inside updateCategory function try block data inserted successfully] 
[05-10-2017 03:31:32] [INFO] [] [] [] [inside updateCategory function try block] 
[05-10-2017 03:31:32] [INFO] [101] [104] [b777e08ac76839d747e7220ea4bb9ba716004536] [inside updateCategory function try block data inserted successfully] 
[05-10-2017 03:31:32] [INFO] [] [] [] [inside updateCategory function try block] 
[05-10-2017 03:31:32] [INFO] [101] [104] [6040880002f4aae1db4f530db4cc79871446de3b] [inside updateCategory function try block data inserted successfully] 
[05-10-2017 03:31:32] [INFO] [] [] [] [inside updateCategory function try block] 
[05-10-2017 03:31:32] [INFO] [101] [104] [9fd36dd67fc7b4f3a63ef782c8ebc834008b9be7] [inside updateCategory function try block data inserted successfully] 
[05-10-2017 03:31:32] [INFO] [] [] [] [inside updateCategory function try block] 
[05-10-2017 03:31:32] [INFO] [101] [104] [6040880002f4aae1db4f530db4cc79871446de3b] [inside updateCategory function try block data inserted successfully] 
[05-10-2017 03:31:32] [INFO] [] [] [] [inside updateCategory function try block] 
[05-10-2017 03:31:32] [INFO] [101] [104] [b777e08ac76839d747e7220ea4bb9ba716004536] [inside updateCategory function try block data inserted successfully] 
[05-10-2017 03:31:32] [INFO] [] [] [] [inside updateCategory function try block] 
[05-10-2017 03:31:32] [INFO] [101] [104] [6040880002f4aae1db4f530db4cc79871446de3b] [inside updateCategory function try block data inserted successfully] 
[05-10-2017 03:31:32] [INFO] [] [] [] [inside updateCategory function try block] 
[05-10-2017 03:31:32] [INFO] [101] [104] [b777e08ac76839d747e7220ea4bb9ba716004536] [inside updateCategory function try block data inserted successfully] 
[05-10-2017 03:31:32] [INFO] [] [] [] [inside updateCategory function try block] 
[05-10-2017 03:31:32] [INFO] [101] [104] [6040880002f4aae1db4f530db4cc79871446de3b] [inside updateCategory function try block data inserted successfully] 
[05-10-2017 03:31:32] [INFO] [] [] [] [inside updateCategory function try block] 
[05-10-2017 03:31:32] [INFO] [101] [104] [b777e08ac76839d747e7220ea4bb9ba716004536] [inside updateCategory function try block data inserted successfully] 
[05-10-2017 03:31:32] [INFO] [] [] [] [inside updateCategory function try block] 
[05-10-2017 03:31:32] [INFO] [101] [104] [6040880002f4aae1db4f530db4cc79871446de3b] [inside updateCategory function try block data inserted successfully] 
[05-10-2017 03:31:32] [INFO] [] [] [] [inside updateCategory function try block] 
[05-10-2017 03:31:32] [INFO] [101] [104] [9fd36dd67fc7b4f3a63ef782c8ebc834008b9be7] [inside updateCategory function try block data inserted successfully] 
[05-10-2017 03:31:32] [INFO] [] [] [] [inside updateCategory function try block] 
[05-10-2017 03:31:32] [INFO] [101] [104] [6040880002f4aae1db4f530db4cc79871446de3b] [inside updateCategory function try block data inserted successfully] 
[05-10-2017 03:31:32] [INFO] [] [] [] [inside updateCategory function try block] 
[05-10-2017 03:31:32] [INFO] [101] [104] [b777e08ac76839d747e7220ea4bb9ba716004536] [inside updateCategory function try block data inserted successfully] 
[05-10-2017 03:31:32] [INFO] [] [] [] [inside updateCategory function try block] 
[05-10-2017 03:31:32] [INFO] [101] [104] [6040880002f4aae1db4f530db4cc79871446de3b] [inside updateCategory function try block data inserted successfully] 
[05-10-2017 03:31:32] [INFO] [] [] [] [inside updateCategory function try block] 
[05-10-2017 03:31:32] [INFO] [101] [104] [b777e08ac76839d747e7220ea4bb9ba716004536] [inside updateCategory function try block data inserted successfully] 
[05-10-2017 03:31:32] [INFO] [] [] [] [inside updateCategory function try block] 
[05-10-2017 03:31:32] [INFO] [101] [104] [6040880002f4aae1db4f530db4cc79871446de3b] [inside updateCategory function try block data inserted successfully] 
[05-10-2017 03:31:32] [INFO] [] [] [] [inside updateCategory function try block] 
[05-10-2017 03:31:32] [INFO] [101] [104] [b777e08ac76839d747e7220ea4bb9ba716004536] [inside updateCategory function try block data inserted successfully] 
[05-10-2017 03:31:32] [INFO] [] [] [] [inside updateCategory function try block] 
[05-10-2017 03:31:32] [INFO] [101] [104] [6040880002f4aae1db4f530db4cc79871446de3b] [inside updateCategory function try block data inserted successfully] 
[05-10-2017 03:31:32] [INFO] [] [] [] [inside updateCategory function try block] 
[05-10-2017 03:31:32] [INFO] [101] [104] [9fd36dd67fc7b4f3a63ef782c8ebc834008b9be7] [inside updateCategory function try block data inserted successfully] 
[05-10-2017 03:31:32] [INFO] [] [] [] [process ends] 
